build/app/outputs/mapping/release/seeds.txt
androidx.window.embedding.SplitRule: int layoutDirection
androidx.media2.session.PercentageRatingParcelizer: androidx.media2.session.PercentageRating read(androidx.versionedparcelable.VersionedParcel)
androidx.window.layout.WindowMetricsCalculator$Companion$overrideDecorator$1: androidx.window.layout.WindowMetricsCalculator invoke(androidx.window.layout.WindowMetricsCalculator)
androidx.window.layout.SidecarWindowBackend: androidx.window.layout.SidecarWindowBackend$Companion Companion
io.flutter.embedding.engine.FlutterJNI: boolean nativeFlutterTextUtilsIsEmojiModifier(int)
androidx.media2.session.ConnectionResult
androidx.window.java.layout.WindowInfoTrackerCallbackAdapter: void removeListener(androidx.core.util.Consumer)
io.flutter.embedding.engine.systemchannels.PlatformChannel$Brightness: io.flutter.embedding.engine.systemchannels.PlatformChannel$Brightness valueOf(java.lang.String)
androidx.vectordrawable.graphics.drawable.VectorDrawableCompat$VGroup: java.lang.String getGroupName()
android.support.v4.media.session.PlaybackStateCompat$Api21Impl: java.lang.CharSequence getName(android.media.session.PlaybackState$CustomAction)
io.flutter.embedding.engine.FlutterJNI: io.flutter.plugin.localization.LocalizationPlugin localizationPlugin
io.flutter.plugins.urllauncher.WebViewActivity: WebViewActivity()
androidx.window.layout.WindowMetrics
com.google.android.exoplayer2.source.dash.DashMediaSource$Factory: DashMediaSource$Factory(com.google.android.exoplayer2.upstream.DataSource$Factory)
androidx.window.embedding.ExtensionEmbeddingBackend: java.util.concurrent.CopyOnWriteArrayList splitChangeCallbacks
android.support.v4.os.ResultReceiver: android.os.Parcelable$Creator CREATOR
kotlin.coroutines.intrinsics.CoroutineSingletons: kotlin.coroutines.intrinsics.CoroutineSingletons[] values()
kotlinx.coroutines.internal.LockFreeLinkedListNode: java.lang.Object _removedRef
androidx.window.layout.HardwareFoldingFeature: androidx.window.layout.FoldingFeature$OcclusionType getOcclusionType()
io.flutter.plugin.editing.ImeSyncDeferringInsetsCallback$AnimationCallback
kotlin.jvm.internal.Lambda: int arity
androidx.window.embedding.ActivityFilter: android.content.ComponentName componentName
androidx.appcompat.widget.AppCompatImageView: void setImageResource(int)
androidx.lifecycle.ReportFragment$LifecycleCallbacks: void onActivityPaused(android.app.Activity)
androidx.appcompat.widget.AppCompatEditText
android.support.v4.media.session.PlaybackStateCompat$Api21Impl: android.media.session.PlaybackState build(android.media.session.PlaybackState$Builder)
android.support.v4.media.session.MediaSessionCompat$QueueItem$Api21Impl: android.media.session.MediaSession$QueueItem createQueueItem(android.media.MediaDescription,long)
io.flutter.embedding.engine.FlutterJNI: void nativeDestroy(long)
androidx.media2.session.SessionToken$SessionTokenImpl
kotlinx.coroutines.channels.Send
androidx.lifecycle.CompositeGeneratedAdaptersObserver
androidx.media2.common.BitmapEntryParcelizer: BitmapEntryParcelizer()
androidx.media2.session.SessionTokenParcelizer: SessionTokenParcelizer()
androidx.appcompat.widget.LinearLayoutCompat: void setOrientation(int)
androidx.appcompat.widget.AppCompatTextView: int getAutoSizeTextType()
androidx.window.layout.HardwareFoldingFeature: androidx.window.layout.HardwareFoldingFeature$Companion Companion
androidx.window.layout.SidecarCompat: androidx.window.sidecar.SidecarInterface getSidecar()
androidx.window.layout.SidecarWindowBackend: java.lang.String TAG
com.google.common.base.AbstractIterator$State: com.google.common.base.AbstractIterator$State[] values()
androidx.window.embedding.ActivityRule: java.util.Set filters
com.google.android.exoplayer2.source.hls.HlsMediaSource$Factory
io.flutter.embedding.engine.renderer.SurfaceTextureWrapper: void updateTexImage()
androidx.window.core.Version: boolean equals(java.lang.Object)
androidx.window.embedding.EmbeddingCompat$Companion: EmbeddingCompat$Companion()