build/app/outputs/mapping/release/mapping.txt
# compiler: R8
# compiler_version: 2.1.62
# min_api: 16
# pg_map_id: aae512c
# common_typos_disable
...
kotlin.jvm.functions.Function20 -> j.v.c.m:
kotlin.jvm.functions.Function21 -> j.v.c.n:
kotlin.jvm.functions.Function22 -> j.v.c.o:
kotlin.jvm.functions.Function3 -> j.v.c.q:
    java.lang.Object invoke(java.lang.Object,java.lang.Object,java.lang.Object) -> e
kotlin.jvm.functions.Function4 -> j.v.c.r:
kotlin.jvm.functions.Function5 -> j.v.c.s:
kotlin.jvm.functions.Function6 -> j.v.c.t:
kotlin.jvm.functions.Function7 -> j.v.c.u:
kotlin.jvm.functions.Function8 -> j.v.c.v:
kotlin.jvm.functions.Function9 -> j.v.c.w:
kotlin.jvm.internal.ArrayIterator -> j.v.d.a:
    int index -> g
    java.lang.Object[] array -> f
kotlin.jvm.internal.ArrayIteratorKt -> j.v.d.b:
    java.util.Iterator iterator(java.lang.Object[]) -> a
kotlin.jvm.internal.CallableReference -> j.v.d.c:
kotlin.jvm.internal.CallableReference$NoReceiver -> j.v.d.c$a:
    kotlin.jvm.internal.CallableReference$NoReceiver INSTANCE -> f
    kotlin.jvm.internal.CallableReference$NoReceiver access$000() -> a
kotlin.jvm.internal.ClassBasedDeclarationContainer -> j.v.d.d:
    java.lang.Class getJClass() -> b
kotlin.jvm.internal.ClassReference -> j.v.d.e:
    java.util.HashMap primitiveWrapperFqNames -> j
    java.lang.Class jClass -> f
    kotlin.jvm.internal.ClassReference$Companion Companion -> g
    java.util.HashMap primitiveFqNames -> i
    java.util.HashMap classFqNames -> k
    java.util.Map simpleNames -> l
    java.util.Map FUNCTION_CLASSES -> h
    java.lang.String getSimpleName() -> a
    java.lang.Class getJClass() -> b
    java.util.Map access$getSimpleNames$cp() -> c
kotlin.jvm.internal.ClassReference$Companion -> j.v.d.e$a:
    java.lang.String getClassSimpleName(java.lang.Class) -> a
kotlin.jvm.internal.CollectionToArray -> j.v.d.f:
    java.lang.Object[] EMPTY -> a
    java.lang.Object[] toArray(java.util.Collection) -> a
    java.lang.Object[] toArray(java.util.Collection,java.lang.Object[]) -> b
kotlin.jvm.internal.DefaultConstructorMarker -> j.v.d.g:
kotlin.jvm.internal.FunctionBase -> j.v.d.h:
kotlin.jvm.internal.FunctionReference -> j.v.d.i:
kotlin.jvm.internal.FunctionReferenceImpl -> j.v.d.j:
kotlin.jvm.internal.Intrinsics -> j.v.d.k:
    boolean areEqual(java.lang.Double,java.lang.Double) -> a
    boolean areEqual(java.lang.Object,java.lang.Object) -> b
    void checkNotNull(java.lang.Object) -> c
    void checkNotNullExpressionValue(java.lang.Object,java.lang.String) -> d
    void checkNotNullParameter(java.lang.Object,java.lang.String) -> e
    int compare(int,int) -> f
    java.lang.String createParameterIsNullExceptionMessage(java.lang.String) -> g
    java.lang.Throwable sanitizeStackTrace(java.lang.Throwable) -> h
    java.lang.Throwable sanitizeStackTrace(java.lang.Throwable,java.lang.String) -> i
    java.lang.String stringPlus(java.lang.String,java.lang.Object) -> j
    void throwJavaNpe() -> k
    void throwParameterIsNullNPE(java.lang.String) -> l
    void throwUninitializedProperty(java.lang.String) -> m
    void throwUninitializedPropertyAccessException(java.lang.String) -> n
kotlin.jvm.internal.Lambda -> j.v.d.l:
kotlin.jvm.internal.PackageReference -> j.v.d.m:
    java.lang.Class jClass -> f
    java.lang.Class getJClass() -> b
kotlin.jvm.internal.Ref$BooleanRef -> j.v.d.n:
    boolean element -> f
kotlin.jvm.internal.Reflection -> j.v.d.o:
    kotlin.reflect.KClass[] EMPTY_K_CLASS_ARRAY -> b
    kotlin.jvm.internal.ReflectionFactory factory -> a
    kotlin.reflect.KFunction function(kotlin.jvm.internal.FunctionReference) -> a
    kotlin.reflect.KClass getOrCreateKotlinClass(java.lang.Class) -> b
    kotlin.reflect.KDeclarationContainer getOrCreateKotlinPackage(java.lang.Class) -> c
    java.lang.String renderLambdaToString(kotlin.jvm.internal.FunctionBase) -> d
    java.lang.String renderLambdaToString(kotlin.jvm.internal.Lambda) -> e