build/app/outputs/mapping/release/usage.txt
com.example.pueblo_vista.R$drawable
com.example.pueblo_vista.BuildConfig
com.example.pueblo_vista.R$anim
com.example.pueblo_vista.R$styleable
com.example.pueblo_vista.R$bool
com.example.pueblo_vista.R$string
com.example.pueblo_vista.R$layout
com.example.pueblo_vista.R$interpolator
com.example.pueblo_vista.R$xml
com.example.pueblo_vista.R$style
com.example.pueblo_vista.R$attr
com.example.pueblo_vista.R
com.example.pueblo_vista.R$mipmap
com.example.pueblo_vista.R$dimen
com.example.pueblo_vista.R$integer
com.example.pueblo_vista.R$id
com.example.pueblo_vista.MainActivity
com.example.pueblo_vista.R$color
...
kotlinx.coroutines.EventLoopImplBase$DelayedTask:
    public void <init>(long)
com.google.android.exoplayer2.offline.DownloadHelper$DownloadTrackSelection
androidx.core.util.SparseArrayKt$keyIterator$1
com.google.android.gms.common.internal.zzs
androidx.core.view.ViewPropertyAnimatorCompat:
    public androidx.core.view.ViewPropertyAnimatorCompat alphaBy(float)
    public androidx.core.view.ViewPropertyAnimatorCompat translationX(float)
    public androidx.core.view.ViewPropertyAnimatorCompat withEndAction(java.lang.Runnable)
    public android.view.animation.Interpolator getInterpolator()
    public long getStartDelay()
    public androidx.core.view.ViewPropertyAnimatorCompat rotation(float)
    public androidx.core.view.ViewPropertyAnimatorCompat rotationBy(float)
    public androidx.core.view.ViewPropertyAnimatorCompat rotationX(float)
    public androidx.core.view.ViewPropertyAnimatorCompat rotationXBy(float)
    public androidx.core.view.ViewPropertyAnimatorCompat rotationY(float)
    public androidx.core.view.ViewPropertyAnimatorCompat rotationYBy(float)
    public androidx.core.view.ViewPropertyAnimatorCompat scaleX(float)
    public androidx.core.view.ViewPropertyAnimatorCompat scaleXBy(float)
    public androidx.core.view.ViewPropertyAnimatorCompat scaleY(float)
    public androidx.core.view.ViewPropertyAnimatorCompat scaleYBy(float)
    public androidx.core.view.ViewPropertyAnimatorCompat x(float)
    public androidx.core.view.ViewPropertyAnimatorCompat xBy(float)
    public androidx.core.view.ViewPropertyAnimatorCompat y(float)
    public androidx.core.view.ViewPropertyAnimatorCompat yBy(float)
    public androidx.core.view.ViewPropertyAnimatorCompat translationXBy(float)
com.google.android.exoplayer2.extractor.BinarySearchSeeker$TimestampSearchResult:
    public static final int TYPE_TARGET_TIMESTAMP_FOUND
    public static final int TYPE_POSITION_OVERESTIMATED
    public static final int TYPE_POSITION_UNDERESTIMATED
    public static final int TYPE_NO_TIMESTAMP
kotlinx.coroutines.internal.AtomicOp:
    public final java.lang.Object getConsensus()
    public final boolean isDecided()
com.google.android.exoplayer2.drm.HttpMediaDrmCallback:
    public void <init>(java.lang.String,com.google.android.exoplayer2.upstream.HttpDataSource$Factory)
    public void clearKeyRequestProperty(java.lang.String)
    public void clearAllKeyRequestProperties()
    private static final int MAX_MANUAL_REDIRECTS
androidx.core.content.res.ComplexColorCompat:
    private static final java.lang.String LOG_TAG
kotlinx.coroutines.scheduling.DefaultScheduler:
    public final java.lang.String toDebugString()
kotlinx.coroutines.channels.ProduceKt
com.revenuecat.purchases.google.R$integer
com.google.android.exoplayer2.offline.DownloadManager$Task
com.google.android.gms.common.internal.BaseGmsClient$zza
androidx.core.view.WindowInsetsAnimationCompat$Impl
android.support.v4.os.IResultReceiver$Default
com.google.android.exoplayer2.extractor.flac.FlacExtractor:
    public static final int FLAG_DISABLE_ID3_METADATA
    private static final int STATE_READ_ID3_METADATA
    private static final int STATE_GET_STREAM_MARKER_AND_INFO_BLOCK_BYTES
    private static final int STATE_READ_STREAM_MARKER
    private static final int STATE_READ_METADATA_BLOCKS
    private static final int STATE_GET_FRAME_START_MARKER
    private static final int STATE_READ_FRAMES
    private static final int BUFFER_LENGTH
    private static final int SAMPLE_NUMBER_UNKNOWN
com.google.common.collect.FilteredSetMultimap
kotlin.text.MatchResult
com.google.common.collect.Maps$FilteredEntryBiMap$1
kotlinx.coroutines.flow.FlowKt__BuildersKt$asFlow$$inlined$unsafeFlow$8
androidx.appcompat.widget.AppCompatCheckedTextView:
    public void <init>(android.content.Context)
com.google.android.exoplayer2.util.RepeatModeUtil$RepeatToggleModes
androidx.viewpager.widget.ViewPager$ViewPositionComparator
androidx.media2.session.MediaSessionServiceImplBase$MediaSessionServiceStub$1